{"level":"info","message":"Starting assets export","timestamp":"2021-08-16T10:45:43.886Z"}
{"level":"info","message":"Downloaded Start-a-blog-1024x605.jpg: blt1ad2b5d78f5e5cb8 successfully!","timestamp":"2021-08-16T10:45:48.093Z"}
{"level":"info","message":"Downloaded variation_one.jpeg: blt14c10b4f45cd992b successfully!","timestamp":"2021-08-16T10:45:48.110Z"}
{"level":"info","message":"Downloaded logo.png: blt1b255e8b0b05bde1 successfully!","timestamp":"2021-08-16T10:45:48.142Z"}
{"level":"info","message":"Downloaded data.png: blt98496b2188d9f3a0 successfully!","timestamp":"2021-08-16T10:45:48.153Z"}
{"level":"info","message":"Downloaded digital-marketing-vs-digital-advertising.jpg: bltdadc7eb595b2e49e successfully!","timestamp":"2021-08-16T10:45:48.332Z"}
{"level":"info","message":"Downloaded devices.png: blt60751a42b87e4449 successfully!","timestamp":"2021-08-16T10:45:49.349Z"}
{"level":"info","message":"Downloaded favicon.ico: blt3150988999936b2d successfully!","timestamp":"2021-08-16T10:45:49.361Z"}
{"level":"info","message":"Downloaded play.jpg: blted74f7975c39d604 successfully!","timestamp":"2021-08-16T10:45:49.370Z"}
{"level":"info","message":"Downloaded final-project.png: bltc1ff313df39522bf successfully!","timestamp":"2021-08-16T10:45:49.400Z"}
{"level":"info","message":"Downloaded final-project.jpg: blt42689a598e6b5ffc successfully!","timestamp":"2021-08-16T10:45:49.669Z"}
{"level":"info","message":"Downloaded messaging.png: blt2f05f0a7d46d1c84 successfully!","timestamp":"2021-08-16T10:45:50.595Z"}
{"level":"info","message":"Downloaded messaging.jpg: blt72fd41e6bd363e65 successfully!","timestamp":"2021-08-16T10:45:50.926Z"}
{"level":"info","message":"Downloaded banner-main.jpg: blt5c2e6d8435c9a6a7 successfully!","timestamp":"2021-08-16T10:45:51.065Z"}
{"level":"info","message":"Downloaded built-io-logo.png: blt41fdd555f994ca54 successfully!","timestamp":"2021-08-16T10:45:52.145Z"}
{"level":"info","message":"Downloaded banner-main.png: blt3acd488fab5d285e successfully!","timestamp":"2021-08-16T10:45:52.829Z"}
{"level":"info","message":"Downloaded contact-icon.png: bltf1bac0bde239118d successfully!","timestamp":"2021-08-16T10:45:52.877Z"}
{"level":"info","message":"Downloaded data.jpg: blt652918959511e1a4 successfully!","timestamp":"2021-08-16T10:45:53.143Z"}
{"level":"info","message":"Downloaded built-io-logo-dark.png: bltbcb9ab01521a63c2 successfully!","timestamp":"2021-08-16T10:45:53.396Z"}
{"level":"info","message":"Downloaded apple.jpg: blt325cffac4f7bd65d successfully!","timestamp":"2021-08-16T10:45:53.716Z"}
{"level":"info","message":"Downloaded apple-color.jpg: blt36dc00d447d61d3a successfully!","timestamp":"2021-08-16T10:45:54.376Z"}
{"level":"info","message":"Batch no 1 of assets is complete","timestamp":"2021-08-16T10:45:54.378Z"}
{"level":"info","message":"Downloaded win.jpg: blta9429b6cae99bea3 successfully!","timestamp":"2021-08-16T10:45:56.820Z"}
{"level":"info","message":"Batch no 41 of assets is complete","timestamp":"2021-08-16T10:45:56.822Z"}
{"level":"info","message":"Downloaded devices.jpg: bltfdb0cb2337d12a87 successfully!","timestamp":"2021-08-16T10:46:00.052Z"}
{"level":"info","message":"Downloaded hero-bg.jpg: bltea04eae05b8e7fee successfully!","timestamp":"2021-08-16T10:46:01.568Z"}
{"level":"info","message":"Downloaded ui-design.jpg: blt9f31c7e68c74f093 successfully!","timestamp":"2021-08-16T10:46:01.728Z"}
{"level":"info","message":"Downloaded product-bg1.jpg: blt2b435c406498e377 successfully!","timestamp":"2021-08-16T10:46:02.204Z"}
{"level":"info","message":"Downloaded our-team.png: blta96580efe84b0792 successfully!","timestamp":"2021-08-16T10:46:02.538Z"}
{"level":"info","message":"Downloaded our-team.jpg: blte1b96f35252506c4 successfully!","timestamp":"2021-08-16T10:46:02.710Z"}
{"level":"info","message":"Downloaded promotion.png: blte301c0f7cc38cb36 successfully!","timestamp":"2021-08-16T10:46:03.575Z"}
{"level":"info","message":"Downloaded win-color.jpg: blt8758596d2ac77181 successfully!","timestamp":"2021-08-16T10:46:03.589Z"}
{"level":"info","message":"Downloaded video-bg.jpg: blt054d52e7e07ddd9e successfully!","timestamp":"2021-08-16T10:46:04.381Z"}
{"level":"info","message":"Downloaded logo-hover.png: blt1ca230857ecbc6c6 successfully!","timestamp":"2021-08-16T10:46:04.465Z"}
{"level":"info","message":"Downloaded video-bg.png: bltd9e1c39434a97e02 successfully!","timestamp":"2021-08-16T10:46:05.550Z"}
{"level":"info","message":"Downloaded quote-bg.png: blt4d5e8c31b7d7e9d4 successfully!","timestamp":"2021-08-16T10:46:06.021Z"}
{"level":"info","message":"Downloaded quote_(1).png: blt686a74cd3f9c27e1 successfully!","timestamp":"2021-08-16T10:46:07.199Z"}
{"level":"info","message":"Downloaded quote-bg.jpg: blt8551560b84d860dc successfully!","timestamp":"2021-08-16T10:46:07.446Z"}
{"level":"info","message":"Downloaded ui-design.png: bltc9787e212114d12a successfully!","timestamp":"2021-08-16T10:46:07.618Z"}
{"level":"info","message":"Downloaded play-color.jpg: blt556d4bd508dbb648 successfully!","timestamp":"2021-08-16T10:46:07.730Z"}
{"level":"info","message":"Downloaded prototype.jpg: blte425ef6589f23470 successfully!","timestamp":"2021-08-16T10:46:08.363Z"}
{"level":"info","message":"Downloaded quote.png: blt780112ef9c1de480 successfully!","timestamp":"2021-08-16T10:46:08.932Z"}
{"level":"info","message":"Downloaded promotion.jpg: blt5c43bed638d39500 successfully!","timestamp":"2021-08-16T10:46:09.191Z"}
{"level":"info","message":"Downloaded product-bg.png: blt08a28e620e6e6f36 successfully!","timestamp":"2021-08-16T10:46:10.082Z"}
{"level":"info","message":"Batch no 21 of assets is complete","timestamp":"2021-08-16T10:46:10.083Z"}
{"level":"info","message":"No folders were found in the stack!","timestamp":"2021-08-16T10:46:11.317Z"}
{"level":"info","message":"\u001b[32mAsset export completed successfully\u001b[39m","timestamp":"2021-08-16T10:46:11.318Z"}
{"level":"info","message":"Starting locale export","timestamp":"2021-08-16T10:46:11.328Z"}
{"level":"info","message":"No languages found except the master language","timestamp":"2021-08-16T10:46:14.382Z"}
{"level":"info","message":"Starting environment export","timestamp":"2021-08-16T10:46:14.383Z"}
{"level":"info","message":"\u001b[32mAll the environments have been exported successfully\u001b[39m","timestamp":"2021-08-16T10:46:15.557Z"}
{"level":"info","message":"Starting extension export","timestamp":"2021-08-16T10:46:15.566Z"}
{"level":"info","message":"\u001b[32mAll the extensions have been exported successfully\u001b[39m","timestamp":"2021-08-16T10:46:16.797Z"}
{"level":"info","message":"Starting webhooks export","timestamp":"2021-08-16T10:46:16.800Z"}
{"level":"info","message":"No webhooks found","timestamp":"2021-08-16T10:46:18.693Z"}
{"level":"info","message":"Starting Global Fields export","timestamp":"2021-08-16T10:46:18.703Z"}
{"level":"info","message":"No global fields found","timestamp":"2021-08-16T10:46:20.022Z"}
{"level":"info","message":"Starting content type export","timestamp":"2021-08-16T10:46:20.033Z"}
{"level":"info","message":"\u001b[32mContent type(s) exported successfully\u001b[39m","timestamp":"2021-08-16T10:46:21.783Z"}
{"level":"info","message":"Starting workflow export","timestamp":"2021-08-16T10:46:21.786Z"}
{"level":"info","message":"No workflow were found in the Stack","timestamp":"2021-08-16T10:46:22.967Z"}
{"level":"info","message":"Starting entry migration","timestamp":"2021-08-16T10:46:22.979Z"}
{"level":"info","message":"Exported entries of header to the en-us language successfully","timestamp":"2021-08-16T10:46:25.352Z"}
{"level":"info","message":"Exported entries of home to the en-us language successfully","timestamp":"2021-08-16T10:46:27.805Z"}
{"level":"info","message":"Exported entries of feature_page to the en-us language successfully","timestamp":"2021-08-16T10:46:30.411Z"}
{"level":"info","message":"Exported entries of about_page to the en-us language successfully","timestamp":"2021-08-16T10:46:32.827Z"}
{"level":"info","message":"Exported entries of product to the en-us language successfully","timestamp":"2021-08-16T10:46:35.487Z"}
{"level":"info","message":"Exported entries of hero_banner to the en-us language successfully","timestamp":"2021-08-16T10:46:39.574Z"}
{"level":"info","message":"Exported entries of footer to the en-us language successfully","timestamp":"2021-08-16T10:46:42.244Z"}
{"level":"info","message":"Starting labels export","timestamp":"2021-08-16T10:46:42.247Z"}
{"level":"info","message":"Entry migration completed successfully","timestamp":"2021-08-16T10:46:42.245Z"}
{"level":"info","message":"No labels found","timestamp":"2021-08-16T10:46:43.474Z"}
{"level":"info","message":"\u001b[32mThe content of the blt0176d1f74c22f87b has been exported succesfully!\u001b[39m","timestamp":"2021-08-16T10:46:43.475Z"}
{"level":"info","message":"The log for this is stored at content/logs/export","timestamp":"2021-08-16T10:46:43.475Z"}
